No error handlers are registered, logging exception.
Traceback (most recent call last):
  File "/Users/carlos/Documents/Projects/crewia-boche/.venv313/lib/python3.13/site-packages/telegram/ext/_utils/networkloop.py", line 115, in network_retry_loop
    if not await do_action():
           ^^^^^^^^^^^^^^^^^
  File "/Users/carlos/Documents/Projects/crewia-boche/.venv313/lib/python3.13/site-packages/telegram/ext/_utils/networkloop.py", line 108, in do_action
    return action_cb_task.result()
           ~~~~~~~~~~~~~~~~~~~~~^^
  File "/Users/carlos/Documents/Projects/crewia-boche/.venv313/lib/python3.13/site-packages/telegram/ext/_updater.py", line 376, in polling_action_cb
    updates = await self.bot.get_updates(
              ^^^^^^^^^^^^^^^^^^^^^^^^^^^
    ...<7 lines>...
    )
    ^
  File "/Users/carlos/Documents/Projects/crewia-boche/.venv313/lib/python3.13/site-packages/telegram/ext/_extbot.py", line 658, in get_updates
    updates = await super().get_updates(
              ^^^^^^^^^^^^^^^^^^^^^^^^^^
    ...<9 lines>...
    )
    ^
  File "/Users/carlos/Documents/Projects/crewia-boche/.venv313/lib/python3.13/site-packages/telegram/_bot.py", line 4605, in get_updates
    await self._post(
    ^^^^^^^^^^^^^^^^^
    ...<7 lines>...
    ),
    ^
  File "/Users/carlos/Documents/Projects/crewia-boche/.venv313/lib/python3.13/site-packages/telegram/_bot.py", line 691, in _post
    return await self._do_post(
           ^^^^^^^^^^^^^^^^^^^^
    ...<6 lines>...
    )
    ^
  File "/Users/carlos/Documents/Projects/crewia-boche/.venv313/lib/python3.13/site-packages/telegram/ext/_extbot.py", line 362, in _do_post
    return await super()._do_post(
           ^^^^^^^^^^^^^^^^^^^^^^^
    ...<6 lines>...
    )
    ^
  File "/Users/carlos/Documents/Projects/crewia-boche/.venv313/lib/python3.13/site-packages/telegram/_bot.py", line 720, in _do_post
    result = await request.post(
             ^^^^^^^^^^^^^^^^^^^
    ...<6 lines>...
    )
    ^
  File "/Users/carlos/Documents/Projects/crewia-boche/.venv313/lib/python3.13/site-packages/telegram/request/_baserequest.py", line 202, in post
    result = await self._request_wrapper(
             ^^^^^^^^^^^^^^^^^^^^^^^^^^^^
    ...<7 lines>...
    )
    ^
  File "/Users/carlos/Documents/Projects/crewia-boche/.venv313/lib/python3.13/site-packages/telegram/request/_baserequest.py", line 385, in _request_wrapper
    raise Conflict(message)
telegram.error.Conflict: Conflict: terminated by other getUpdates request; make sure that only one bot instance is running
No error handlers are registered, logging exception.
Traceback (most recent call last):
  File "/Users/carlos/Documents/Projects/crewia-boche/.venv313/lib/python3.13/site-packages/telegram/ext/_utils/networkloop.py", line 115, in network_retry_loop
    if not await do_action():
           ^^^^^^^^^^^^^^^^^
  File "/Users/carlos/Documents/Projects/crewia-boche/.venv313/lib/python3.13/site-packages/telegram/ext/_utils/networkloop.py", line 108, in do_action
    return action_cb_task.result()
           ~~~~~~~~~~~~~~~~~~~~~^^
  File "/Users/carlos/Documents/Projects/crewia-boche/.venv313/lib/python3.13/site-packages/telegram/ext/_updater.py", line 376, in polling_action_cb
    updates = await self.bot.get_updates(
              ^^^^^^^^^^^^^^^^^^^^^^^^^^^
    ...<7 lines>...
    )
    ^
  File "/Users/carlos/Documents/Projects/crewia-boche/.venv313/lib/python3.13/site-packages/telegram/ext/_extbot.py", line 658, in get_updates
    updates = await super().get_updates(
              ^^^^^^^^^^^^^^^^^^^^^^^^^^
    ...<9 lines>...
    )
    ^
  File "/Users/carlos/Documents/Projects/crewia-boche/.venv313/lib/python3.13/site-packages/telegram/_bot.py", line 4605, in get_updates
    await self._post(
    ^^^^^^^^^^^^^^^^^
    ...<7 lines>...
    ),
    ^
  File "/Users/carlos/Documents/Projects/crewia-boche/.venv313/lib/python3.13/site-packages/telegram/_bot.py", line 691, in _post
    return await self._do_post(
           ^^^^^^^^^^^^^^^^^^^^
    ...<6 lines>...
    )
    ^
  File "/Users/carlos/Documents/Projects/crewia-boche/.venv313/lib/python3.13/site-packages/telegram/ext/_extbot.py", line 362, in _do_post
    return await super()._do_post(
           ^^^^^^^^^^^^^^^^^^^^^^^
    ...<6 lines>...
    )
    ^
  File "/Users/carlos/Documents/Projects/crewia-boche/.venv313/lib/python3.13/site-packages/telegram/_bot.py", line 720, in _do_post
    result = await request.post(
             ^^^^^^^^^^^^^^^^^^^
    ...<6 lines>...
    )
    ^
  File "/Users/carlos/Documents/Projects/crewia-boche/.venv313/lib/python3.13/site-packages/telegram/request/_baserequest.py", line 202, in post
    result = await self._request_wrapper(
             ^^^^^^^^^^^^^^^^^^^^^^^^^^^^
    ...<7 lines>...
    )
    ^
  File "/Users/carlos/Documents/Projects/crewia-boche/.venv313/lib/python3.13/site-packages/telegram/request/_baserequest.py", line 385, in _request_wrapper
    raise Conflict(message)
telegram.error.Conflict: Conflict: terminated by other getUpdates request; make sure that only one bot instance is running
[TelegramBot] Error en conversación
Traceback (most recent call last):
  File "/Users/carlos/Documents/Projects/crewia-boche/src/telegram_bot.py", line 403, in _handle_conversation
    await update.message.reply_text(response, parse_mode=constants.ParseMode.MARKDOWN)
  File "/Users/carlos/Documents/Projects/crewia-boche/.venv313/lib/python3.13/site-packages/telegram/_message.py", line 1794, in reply_text
    return await self.get_bot().send_message(
           ^^^^^^^^^^^^^^^^^^^^^^^^^^^^^^^^^^
    ...<20 lines>...
    )
    ^
  File "/Users/carlos/Documents/Projects/crewia-boche/.venv313/lib/python3.13/site-packages/telegram/ext/_extbot.py", line 2977, in send_message
    return await super().send_message(
           ^^^^^^^^^^^^^^^^^^^^^^^^^^^
    ...<21 lines>...
    )
    ^
  File "/Users/carlos/Documents/Projects/crewia-boche/.venv313/lib/python3.13/site-packages/telegram/_bot.py", line 1091, in send_message
    return await self._send_message(
           ^^^^^^^^^^^^^^^^^^^^^^^^^
    ...<19 lines>...
    )
    ^
  File "/Users/carlos/Documents/Projects/crewia-boche/.venv313/lib/python3.13/site-packages/telegram/ext/_extbot.py", line 618, in _send_message
    result = await super()._send_message(
             ^^^^^^^^^^^^^^^^^^^^^^^^^^^^
    ...<21 lines>...
    )
    ^
  File "/Users/carlos/Documents/Projects/crewia-boche/.venv313/lib/python3.13/site-packages/telegram/_bot.py", line 803, in _send_message
    result = await self._post(
             ^^^^^^^^^^^^^^^^^
    ...<7 lines>...
    )
    ^
  File "/Users/carlos/Documents/Projects/crewia-boche/.venv313/lib/python3.13/site-packages/telegram/_bot.py", line 691, in _post
    return await self._do_post(
           ^^^^^^^^^^^^^^^^^^^^
    ...<6 lines>...
    )
    ^
  File "/Users/carlos/Documents/Projects/crewia-boche/.venv313/lib/python3.13/site-packages/telegram/ext/_extbot.py", line 362, in _do_post
    return await super()._do_post(
           ^^^^^^^^^^^^^^^^^^^^^^^
    ...<6 lines>...
    )
    ^
  File "/Users/carlos/Documents/Projects/crewia-boche/.venv313/lib/python3.13/site-packages/telegram/_bot.py", line 720, in _do_post
    result = await request.post(
             ^^^^^^^^^^^^^^^^^^^
    ...<6 lines>...
    )
    ^
  File "/Users/carlos/Documents/Projects/crewia-boche/.venv313/lib/python3.13/site-packages/telegram/request/_baserequest.py", line 202, in post
    result = await self._request_wrapper(
             ^^^^^^^^^^^^^^^^^^^^^^^^^^^^
    ...<7 lines>...
    )
    ^
  File "/Users/carlos/Documents/Projects/crewia-boche/.venv313/lib/python3.13/site-packages/telegram/request/_baserequest.py", line 383, in _request_wrapper
    raise BadRequest(message)
telegram.error.BadRequest: Message text is empty
No error handlers are registered, logging exception.
Traceback (most recent call last):
  File "/Users/carlos/Documents/Projects/crewia-boche/.venv313/lib/python3.13/site-packages/telegram/ext/_utils/networkloop.py", line 115, in network_retry_loop
    if not await do_action():
           ^^^^^^^^^^^^^^^^^
  File "/Users/carlos/Documents/Projects/crewia-boche/.venv313/lib/python3.13/site-packages/telegram/ext/_utils/networkloop.py", line 108, in do_action
    return action_cb_task.result()
           ~~~~~~~~~~~~~~~~~~~~~^^
  File "/Users/carlos/Documents/Projects/crewia-boche/.venv313/lib/python3.13/site-packages/telegram/ext/_updater.py", line 376, in polling_action_cb
    updates = await self.bot.get_updates(
              ^^^^^^^^^^^^^^^^^^^^^^^^^^^
    ...<7 lines>...
    )
    ^
  File "/Users/carlos/Documents/Projects/crewia-boche/.venv313/lib/python3.13/site-packages/telegram/ext/_extbot.py", line 658, in get_updates
    updates = await super().get_updates(
              ^^^^^^^^^^^^^^^^^^^^^^^^^^
    ...<9 lines>...
    )
    ^
  File "/Users/carlos/Documents/Projects/crewia-boche/.venv313/lib/python3.13/site-packages/telegram/_bot.py", line 4605, in get_updates
    await self._post(
    ^^^^^^^^^^^^^^^^^
    ...<7 lines>...
    ),
    ^
  File "/Users/carlos/Documents/Projects/crewia-boche/.venv313/lib/python3.13/site-packages/telegram/_bot.py", line 691, in _post
    return await self._do_post(
           ^^^^^^^^^^^^^^^^^^^^
    ...<6 lines>...
    )
    ^
  File "/Users/carlos/Documents/Projects/crewia-boche/.venv313/lib/python3.13/site-packages/telegram/ext/_extbot.py", line 362, in _do_post
    return await super()._do_post(
           ^^^^^^^^^^^^^^^^^^^^^^^
    ...<6 lines>...
    )
    ^
  File "/Users/carlos/Documents/Projects/crewia-boche/.venv313/lib/python3.13/site-packages/telegram/_bot.py", line 720, in _do_post
    result = await request.post(
             ^^^^^^^^^^^^^^^^^^^
    ...<6 lines>...
    )
    ^
  File "/Users/carlos/Documents/Projects/crewia-boche/.venv313/lib/python3.13/site-packages/telegram/request/_baserequest.py", line 202, in post
    result = await self._request_wrapper(
             ^^^^^^^^^^^^^^^^^^^^^^^^^^^^
    ...<7 lines>...
    )
    ^
  File "/Users/carlos/Documents/Projects/crewia-boche/.venv313/lib/python3.13/site-packages/telegram/request/_baserequest.py", line 385, in _request_wrapper
    raise Conflict(message)
telegram.error.Conflict: Conflict: terminated by other getUpdates request; make sure that only one bot instance is running
No error handlers are registered, logging exception.
Traceback (most recent call last):
  File "/Users/carlos/Documents/Projects/crewia-boche/.venv313/lib/python3.13/site-packages/telegram/ext/_utils/networkloop.py", line 115, in network_retry_loop
    if not await do_action():
           ^^^^^^^^^^^^^^^^^
  File "/Users/carlos/Documents/Projects/crewia-boche/.venv313/lib/python3.13/site-packages/telegram/ext/_utils/networkloop.py", line 108, in do_action
    return action_cb_task.result()
           ~~~~~~~~~~~~~~~~~~~~~^^
  File "/Users/carlos/Documents/Projects/crewia-boche/.venv313/lib/python3.13/site-packages/telegram/ext/_updater.py", line 376, in polling_action_cb
    updates = await self.bot.get_updates(
              ^^^^^^^^^^^^^^^^^^^^^^^^^^^
    ...<7 lines>...
    )
    ^
  File "/Users/carlos/Documents/Projects/crewia-boche/.venv313/lib/python3.13/site-packages/telegram/ext/_extbot.py", line 658, in get_updates
    updates = await super().get_updates(
              ^^^^^^^^^^^^^^^^^^^^^^^^^^
    ...<9 lines>...
    )
    ^
  File "/Users/carlos/Documents/Projects/crewia-boche/.venv313/lib/python3.13/site-packages/telegram/_bot.py", line 4605, in get_updates
    await self._post(
    ^^^^^^^^^^^^^^^^^
    ...<7 lines>...
    ),
    ^
  File "/Users/carlos/Documents/Projects/crewia-boche/.venv313/lib/python3.13/site-packages/telegram/_bot.py", line 691, in _post
    return await self._do_post(
           ^^^^^^^^^^^^^^^^^^^^
    ...<6 lines>...
    )
    ^
  File "/Users/carlos/Documents/Projects/crewia-boche/.venv313/lib/python3.13/site-packages/telegram/ext/_extbot.py", line 362, in _do_post
    return await super()._do_post(
           ^^^^^^^^^^^^^^^^^^^^^^^
    ...<6 lines>...
    )
    ^
  File "/Users/carlos/Documents/Projects/crewia-boche/.venv313/lib/python3.13/site-packages/telegram/_bot.py", line 720, in _do_post
    result = await request.post(
             ^^^^^^^^^^^^^^^^^^^
    ...<6 lines>...
    )
    ^
  File "/Users/carlos/Documents/Projects/crewia-boche/.venv313/lib/python3.13/site-packages/telegram/request/_baserequest.py", line 202, in post
    result = await self._request_wrapper(
             ^^^^^^^^^^^^^^^^^^^^^^^^^^^^
    ...<7 lines>...
    )
    ^
  File "/Users/carlos/Documents/Projects/crewia-boche/.venv313/lib/python3.13/site-packages/telegram/request/_baserequest.py", line 385, in _request_wrapper
    raise Conflict(message)
telegram.error.Conflict: Conflict: terminated by other getUpdates request; make sure that only one bot instance is running
